<?xml version="1.0" encoding="UTF-8"?>
<!-- Generated by org.testng.reporters.JUnitReportReporter -->
<testsuite skipped="0" hostname="DESKTOP-L6DALCH" name="Test.VisualTestingOcular$SearchGoogle" tests="1" failures="0" timestamp="08 Jan 2019 00:20:43 GMT" time="14.654" errors="0">
  <testcase name="testSearch" time="14.654" classname="Test.VisualTestingOcular$SearchGoogle"/>
</testsuite> <!-- Test.VisualTestingOcular$SearchGoogle -->
