<?xml version="1.0" encoding="UTF-8"?>
<!-- Generated by org.testng.reporters.JUnitReportReporter -->
<testsuite skipped="0" hostname="DESKTOP-L6DALCH" name="Test.LayoutBugTest" tests="1" failures="0" timestamp="07 Jan 2019 16:32:19 GMT" time="19.996" errors="0">
  <testcase name="test" time="19.996" classname="Test.LayoutBugTest"/>
</testsuite> <!-- Test.LayoutBugTest -->
