<?xml version="1.0" encoding="UTF-8"?>
<!-- Generated by org.testng.reporters.JUnitReportReporter -->
<testsuite skipped="0" hostname="DESKTOP-L6DALCH" name="Test.ApplitoolsTest" tests="1" failures="0" timestamp="08 Jan 2019 00:21:13 GMT" time="10.594" errors="0">
  <testcase name="testLogin" time="10.594" classname="Test.ApplitoolsTest"/>
</testsuite> <!-- Test.ApplitoolsTest -->
